<?xml version="1.0" encoding="UTF-8"?>
<!-- Generated by org.testng.reporters.JUnitReportReporter -->
<testsuite hostname="VADIMSN" name="com.tests.NewTest" tests="11" failures="0" timestamp="20 Mar 2017 12:35:36 GMT" time="2.051" errors="0">
  <testcase name="testTaskToString" time="0.000" classname="com.tests.NewTest"/>
  <testcase name="testTaskRun" time="1.005" classname="com.tests.NewTest"/>
  <testcase name="testTaskRunNoTaskManager" time="1.006" classname="com.tests.NewTest"/>
  <testcase name="testInsertSameTask" time="0.010" classname="com.tests.NewTest"/>
  <testcase name="testTaskManagerAddReoccurenceTaskPriority3" time="0.010" classname="com.tests.NewTest"/>
  <testcase name="testTaskSetters" time="0.000" classname="com.tests.NewTest"/>
  <testcase name="testOneElementTaskManager" time="0.000" classname="com.tests.NewTest"/>
  <testcase name="testTaskGetters" time="0.000" classname="com.tests.NewTest"/>
  <testcase name="testTaskManagerAddReoccurenceTaskPriority1" time="0.010" classname="com.tests.NewTest"/>
  <testcase name="testTaskManagerAddReoccurenceTaskPriority2" time="0.010" classname="com.tests.NewTest"/>
  <testcase name="testEmptyTaskManager" time="0.000" classname="com.tests.NewTest"/>
</testsuite> <!-- com.tests.NewTest -->
